2021-06-03 04:38:52 +0000  Initial pipeline context: <IDEDistributionProcessingPipelineContext: 0x7f7e5598a7b0; archive(resolved)='<IDEArchive: 0x7f7ea4cceb80>', distributionTask(resolved)='2', distributionDestination(resolved)='1', distributionMethod(resolved)='<IDEDistributionMethodDevelopmentSigned: 0x7f7ef4c73ec0>', team(resolved)='<IDEProvisioningDisambiguatableBasicTeam: 0x7f7ef4cb3dd0; teamID='69U32QXGLT', teamName='Kanako Kobayashi', teamType='Individual', username='info@ticklecode.com', isFreeProvisioningTeam='0'>'>
	Chain (14, self inclusive):
	<IDEDistributionProcessingPipelineContext: 0x7f7e5598a7b0; archive = '<IDEArchive: 0x7f7ea4cceb80>', distributionMethod='<IDEDistributionMethodDevelopmentSigned: 0x7f7ef4c73ec0>', team='<IDEProvisioningDisambiguatableBasicTeam: 0x7f7ef4cb3dd0; teamID='69U32QXGLT', teamName='Kanako Kobayashi', teamType='Individual', username='info@ticklecode.com', isFreeProvisioningTeam='0'>'>
	<IDEDistributionProcessingPipelineContext: 0x7f7e355dadd0; archive = '<IDEArchive: 0x7f7ea4cceb80>', distributionMethod='<IDEDistributionMethodDevelopmentSigned: 0x7f7ef4c73ec0>', team='<IDEProvisioningDisambiguatableBasicTeam: 0x7f7ef4cb3dd0; teamID='69U32QXGLT', teamName='Kanako Kobayashi', teamType='Individual', username='info@ticklecode.com', isFreeProvisioningTeam='0'>'>
	<IDEDistributionContext: 0x7f7e155cf390; archive = '<IDEArchive: 0x7f7ea4cceb80>', distributionMethod='<IDEDistributionMethodDevelopmentSigned: 0x7f7ef4c73ec0>', team='<IDEProvisioningDisambiguatableBasicTeam: 0x7f7ef4cb3dd0; teamID='69U32QXGLT', teamName='Kanako Kobayashi', teamType='Individual', username='info@ticklecode.com', isFreeProvisioningTeam='0'>'>
	<IDEDistributionContext: 0x7f7e24fb8c40; archive = '<IDEArchive: 0x7f7ea4cceb80>', distributionMethod='<IDEDistributionMethodDevelopmentSigned: 0x7f7ef4c73ec0>', team='<IDEProvisioningDisambiguatableBasicTeam: 0x7f7ef4cb3dd0; teamID='69U32QXGLT', teamName='Kanako Kobayashi', teamType='Individual', username='info@ticklecode.com', isFreeProvisioningTeam='0'>'>
	<IDEDistributionContext: 0x7f7e24f4c900; archive = '<IDEArchive: 0x7f7ea4cceb80>', distributionMethod='<IDEDistributionMethodDevelopmentSigned: 0x7f7ef4c73ec0>', team='<IDEProvisioningDisambiguatableBasicTeam: 0x7f7ef4cb3dd0; teamID='69U32QXGLT', teamName='Kanako Kobayashi', teamType='Individual', username='info@ticklecode.com', isFreeProvisioningTeam='0'>'>
	<IDEDistributionContext: 0x7f7e24fddc50; archive = '<IDEArchive: 0x7f7ea4cceb80>', distributionMethod='<IDEDistributionMethodDevelopmentSigned: 0x7f7ef4c73ec0>', team='<IDEProvisioningDisambiguatableBasicTeam: 0x7f7ef4cb3dd0; teamID='69U32QXGLT', teamName='Kanako Kobayashi', teamType='Individual', username='info@ticklecode.com', isFreeProvisioningTeam='0'>'>
	<IDEDistributionContext: 0x7f7ea4ddb440; archive = '<IDEArchive: 0x7f7ea4cceb80>', distributionMethod='<IDEDistributionMethodDevelopmentSigned: 0x7f7ef4c73ec0>', team='<IDEProvisioningDisambiguatableBasicTeam: 0x7f7ef4cb3dd0; teamID='69U32QXGLT', teamName='Kanako Kobayashi', teamType='Individual', username='info@ticklecode.com', isFreeProvisioningTeam='0'>'>
	<IDEDistributionContext: 0x7f7ea4db7e70; archive = '<IDEArchive: 0x7f7ea4cceb80>', distributionMethod='<IDEDistributionMethodDevelopmentSigned: 0x7f7ef4c73ec0>', team='<IDEProvisioningDisambiguatableBasicTeam: 0x7f7ef4cb3dd0; teamID='69U32QXGLT', teamName='Kanako Kobayashi', teamType='Individual', username='info@ticklecode.com', isFreeProvisioningTeam='0'>'>
	<IDEDistributionContext: 0x7f7e24f7f910; archive = '<IDEArchive: 0x7f7ea4cceb80>', distributionMethod='<IDEDistributionMethodDevelopmentSigned: 0x7f7ef4c73ec0>', team='<IDEProvisioningDisambiguatableBasicTeam: 0x7f7ef4cb3dd0; teamID='69U32QXGLT', teamName='Kanako Kobayashi', teamType='Individual', username='info@ticklecode.com', isFreeProvisioningTeam='0'>'>
	<IDEDistributionContext: 0x7f7e24f71110; archive = '<IDEArchive: 0x7f7ea4cceb80>', distributionMethod='<IDEDistributionMethodDevelopmentSigned: 0x7f7ef4c73ec0>', team='(null)'>
	<IDEDistributionContext: 0x7f7e352c2190; archive = '<IDEArchive: 0x7f7ea4cceb80>', distributionMethod='<IDEDistributionMethodDevelopmentSigned: 0x7f7ef4c73ec0>', team='(null)'>
	<IDEDistributionContext: 0x7f7e352eb250; archive = '<IDEArchive: 0x7f7ea4cceb80>', distributionMethod='<IDEDistributionMethodDevelopmentSigned: 0x7f7ef4c73ec0>', team='(null)'>
	<IDEDistributionContext: 0x7f7e3547fc50; archive = '<IDEArchive: 0x7f7ea4cceb80>', distributionMethod='<IDEDistributionMethodDevelopmentSigned: 0x7f7ef4c73ec0>', team='(null)'>
	<IDEDistributionContext: 0x7f7e34cb1ac0; archive = '<IDEArchive: 0x7f7ea4cceb80>', distributionMethod='(null)', team='(null)'>
</IDEDistributionProcessingPipelineContext: 0x7f7e5598a7b0>
2021-06-03 04:38:52 +0000  Processing step: IDEDistributionCreateDestRootStep
2021-06-03 04:38:52 +0000  Processing step: IDEDistributionCopyItemStep
2021-06-03 04:38:52 +0000  Running /usr/bin/ditto '-V' '/Users/yoshiii/Library/Developer/Xcode/Archives/2021-06-03/FastlaneAPP 2021-06-03 10.41.56.xcarchive/Products/Applications/FastlaneAPP.app' '/var/folders/67/ltwnjyq15478xy49cd7jfq1r0000gn/T/XcodeDistPipeline.~~~pS37e4/Root/Payload/FastlaneAPP.app'
2021-06-03 04:38:52 +0000  >>> Copying /Users/yoshiii/Library/Developer/Xcode/Archives/2021-06-03/FastlaneAPP 2021-06-03 10.41.56.xcarchive/Products/Applications/FastlaneAPP.app 
2021-06-03 04:38:52 +0000  copying file ./_CodeSignature/CodeResources ... 
2021-06-03 04:38:52 +0000  2775 bytes for ./_CodeSignature/CodeResources
2021-06-03 04:38:52 +0000  copying file ./AppIcon60x60@2x.png ... 
2021-06-03 04:38:52 +0000  12488 bytes for ./AppIcon60x60@2x.png
copying file ./Assets.car ... 
2021-06-03 04:38:52 +0000  352712 bytes for ./Assets.car
2021-06-03 04:38:52 +0000  copying file ./AppIcon76x76@2x~ipad.png ... 
2021-06-03 04:38:52 +0000  15882 bytes for ./AppIcon76x76@2x~ipad.png
copying file ./FastlaneAPP ... 
2021-06-03 04:38:52 +0000  140784 bytes for ./FastlaneAPP
2021-06-03 04:38:52 +0000  copying file ./embedded.mobileprovision ... 
2021-06-03 04:38:52 +0000  7561 bytes for ./embedded.mobileprovision
copying file ./Info.plist ... 
2021-06-03 04:38:52 +0000  1382 bytes for ./Info.plist
2021-06-03 04:38:52 +0000  copying file ./PkgInfo ... 
2021-06-03 04:38:52 +0000  8 bytes for ./PkgInfo
2021-06-03 04:38:52 +0000  /usr/bin/ditto exited with 0
2021-06-03 04:38:52 +0000  Processing step: IDEDistributionEmbedProfileStep
2021-06-03 04:38:52 +0000  Processing step: IDEDistributionInfoPlistStep
2021-06-03 04:38:52 +0000  Skipping step: IDEDistributionInfoPlistStep because it said so
2021-06-03 04:38:52 +0000  Processing step: IDEDistributionAppThinningPlistStep
2021-06-03 04:38:52 +0000  Skipping step: IDEDistributionAppThinningPlistStep because it said so
2021-06-03 04:38:52 +0000  Processing step: IDEDistributionCompileBitcodeStep
2021-06-03 04:38:52 +0000  Skipping step: IDEDistributionCompileBitcodeStep because it said so
2021-06-03 04:38:52 +0000  Processing step: IDEDistributionCodeSlimmingStep
2021-06-03 04:38:52 +0000  Running /Applications/Xcode.app/Contents/Developer/Toolchains/XcodeDefault.xctoolchain/usr/bin/bitcode_strip '/var/folders/67/ltwnjyq15478xy49cd7jfq1r0000gn/T/XcodeDistPipeline.~~~pS37e4/Root/Payload/FastlaneAPP.app/FastlaneAPP' '-r' '-o' '/var/folders/67/ltwnjyq15478xy49cd7jfq1r0000gn/T/XcodeDistPipeline.~~~pS37e4/Root/Payload/FastlaneAPP.app/FastlaneAPP'
2021-06-03 04:38:52 +0000  /Applications/Xcode.app/Contents/Developer/Toolchains/XcodeDefault.xctoolchain/usr/bin/bitcode_strip exited with 0
2021-06-03 04:38:52 +0000  Processing step: IDEDistributionCopyBCSymbolMapsStep
2021-06-03 04:38:52 +0000  Skipping step: IDEDistributionCopyBCSymbolMapsStep because it said so
2021-06-03 04:38:52 +0000  Processing step: IDEDistributionSymbolsStep
2021-06-03 04:38:52 +0000  Skipping step: IDEDistributionSymbolsStep because it said so
2021-06-03 04:38:52 +0000  Processing step: IDEDistributionAppThinningStep
2021-06-03 04:38:52 +0000  Skipping step: IDEDistributionAppThinningStep because it said so
2021-06-03 04:38:52 +0000  Processing step: IDEDistributionArchThinningStep
2021-06-03 04:38:52 +0000  Running /Applications/Xcode.app/Contents/Developer/Toolchains/XcodeDefault.xctoolchain/usr/bin/lipo '/var/folders/67/ltwnjyq15478xy49cd7jfq1r0000gn/T/XcodeDistPipeline.~~~pS37e4/Root/Payload/FastlaneAPP.app/FastlaneAPP' '-verify_arch' 'arm64e'
2021-06-03 04:38:52 +0000  /Applications/Xcode.app/Contents/Developer/Toolchains/XcodeDefault.xctoolchain/usr/bin/lipo exited with 1
2021-06-03 04:38:52 +0000  Skipping architecture thinning for item "FastlaneAPP" because arch "arm64e" wasn't found
2021-06-03 04:38:52 +0000  Processing step: IDEDistributionODRStep
2021-06-03 04:38:52 +0000  Processing step: IDEDistributionStripXattrsStep
2021-06-03 04:38:52 +0000  Running /usr/bin/xattr '-crs' '/var/folders/67/ltwnjyq15478xy49cd7jfq1r0000gn/T/XcodeDistPipeline.~~~pS37e4/Root/Payload/FastlaneAPP.app'
2021-06-03 04:38:52 +0000  /usr/bin/xattr exited with 0
2021-06-03 04:38:52 +0000  Processing step: IDEDistributionCodesignStep
2021-06-03 04:38:52 +0000  Entitlements for <IDEDistributionItem: 0x7f7e35527260; bundleID='Swift-Beginners.FastlaneAPP', path='<DVTFilePath:0x7f7ea4cc41c0:'/Users/yoshiii/Library/Developer/Xcode/Archives/2021-06-03/FastlaneAPP 2021-06-03 10.41.56.xcarchive/Products/Applications/FastlaneAPP.app'>', codeSigningInfo='<_DVTCodeSigningInformation_Path: 0x7f7e557f4930; isSigned='1', isAdHocSigned='0', signingCertificate='<DVTSigningCertificate: 0x7f7e36059bc0; name='Apple Distribution: Kanako Kobayashi (69U32QXGLT)', hash='D3852939BE1B4C72C5761ADD586EA48CD7EE7897', serialNumber='<DVTSigningCertificateSerialNumber: 0x7f7ea4fa8530>', certificateKinds='(
    "1.2.840.113635.100.6.1.4",
    "1.2.840.113635.100.6.1.7"
), issueDate='2021-06-01 08:34:44 +0000''>', entitlements='{
    "application-identifier" = "69U32QXGLT.Swift-Beginners.FastlaneAPP";
    "com.apple.developer.team-identifier" = 69U32QXGLT;
    "get-task-allow" = 0;
    "keychain-access-groups" =     (
        "69U32QXGLT.Swift-Beginners.FastlaneAPP"
    );
}', teamID='69U32QXGLT', identifier='Swift-Beginners.FastlaneAPP', executablePath='<DVTFilePath:0x7f7ea4c0e520:'/Users/yoshiii/Library/Developer/Xcode/Archives/2021-06-03/FastlaneAPP 2021-06-03 10.41.56.xcarchive/Products/Applications/FastlaneAPP.app/FastlaneAPP'>', hardenedRuntime='0'>'>: {
    "application-identifier" = "69U32QXGLT.Swift-Beginners.FastlaneAPP";
    "com.apple.developer.team-identifier" = 69U32QXGLT;
    "get-task-allow" = 1;
    "keychain-access-groups" =     (
        "69U32QXGLT.Swift-Beginners.FastlaneAPP"
    );
}
2021-06-03 04:38:52 +0000  Entitlements for <IDEDistributionItem: 0x7f7e35527260; bundleID='Swift-Beginners.FastlaneAPP', path='<DVTFilePath:0x7f7ea4cc41c0:'/Users/yoshiii/Library/Developer/Xcode/Archives/2021-06-03/FastlaneAPP 2021-06-03 10.41.56.xcarchive/Products/Applications/FastlaneAPP.app'>', codeSigningInfo='<_DVTCodeSigningInformation_Path: 0x7f7e557f4930; isSigned='1', isAdHocSigned='0', signingCertificate='<DVTSigningCertificate: 0x7f7e34fbf780; name='Apple Distribution: Kanako Kobayashi (69U32QXGLT)', hash='D3852939BE1B4C72C5761ADD586EA48CD7EE7897', serialNumber='<DVTSigningCertificateSerialNumber: 0x7f7e558f1f30>', certificateKinds='(
    "1.2.840.113635.100.6.1.4",
    "1.2.840.113635.100.6.1.7"
), issueDate='2021-06-01 08:34:44 +0000''>', entitlements='{
    "application-identifier" = "69U32QXGLT.Swift-Beginners.FastlaneAPP";
    "com.apple.developer.team-identifier" = 69U32QXGLT;
    "get-task-allow" = 0;
    "keychain-access-groups" =     (
        "69U32QXGLT.Swift-Beginners.FastlaneAPP"
    );
}', teamID='69U32QXGLT', identifier='Swift-Beginners.FastlaneAPP', executablePath='<DVTFilePath:0x7f7ea4c0e520:'/Users/yoshiii/Library/Developer/Xcode/Archives/2021-06-03/FastlaneAPP 2021-06-03 10.41.56.xcarchive/Products/Applications/FastlaneAPP.app/FastlaneAPP'>', hardenedRuntime='0'>'> are: {
    "application-identifier" = "69U32QXGLT.Swift-Beginners.FastlaneAPP";
    "com.apple.developer.team-identifier" = 69U32QXGLT;
    "get-task-allow" = 1;
    "keychain-access-groups" =     (
        "69U32QXGLT.Swift-Beginners.FastlaneAPP"
    );
}
2021-06-03 04:38:52 +0000  Writing entitlements for <IDEDistributionItem: 0x7f7e35527260; bundleID='Swift-Beginners.FastlaneAPP', path='<DVTFilePath:0x7f7ea4cc41c0:'/Users/yoshiii/Library/Developer/Xcode/Archives/2021-06-03/FastlaneAPP 2021-06-03 10.41.56.xcarchive/Products/Applications/FastlaneAPP.app'>', codeSigningInfo='<_DVTCodeSigningInformation_Path: 0x7f7e557f4930; isSigned='1', isAdHocSigned='0', signingCertificate='<DVTSigningCertificate: 0x7f7e24caf240; name='Apple Distribution: Kanako Kobayashi (69U32QXGLT)', hash='D3852939BE1B4C72C5761ADD586EA48CD7EE7897', serialNumber='<DVTSigningCertificateSerialNumber: 0x7f7e557b4690>', certificateKinds='(
    "1.2.840.113635.100.6.1.4",
    "1.2.840.113635.100.6.1.7"
), issueDate='2021-06-01 08:34:44 +0000''>', entitlements='{
    "application-identifier" = "69U32QXGLT.Swift-Beginners.FastlaneAPP";
    "com.apple.developer.team-identifier" = 69U32QXGLT;
    "get-task-allow" = 0;
    "keychain-access-groups" =     (
        "69U32QXGLT.Swift-Beginners.FastlaneAPP"
    );
}', teamID='69U32QXGLT', identifier='Swift-Beginners.FastlaneAPP', executablePath='<DVTFilePath:0x7f7ea4c0e520:'/Users/yoshiii/Library/Developer/Xcode/Archives/2021-06-03/FastlaneAPP 2021-06-03 10.41.56.xcarchive/Products/Applications/FastlaneAPP.app/FastlaneAPP'>', hardenedRuntime='0'>'> to: /var/folders/67/ltwnjyq15478xy49cd7jfq1r0000gn/T/XcodeDistPipeline.~~~pS37e4/entitlements~~~QgIU0G
2021-06-03 04:38:52 +0000  Running /usr/bin/codesign '-vvv' '--force' '--sign' '04D5B38B94BE225B7F7AA2E9516F02166C1EE986' '--entitlements' '/var/folders/67/ltwnjyq15478xy49cd7jfq1r0000gn/T/XcodeDistPipeline.~~~pS37e4/entitlements~~~QgIU0G' '--preserve-metadata=identifier,flags,runtime' '/var/folders/67/ltwnjyq15478xy49cd7jfq1r0000gn/T/XcodeDistPipeline.~~~pS37e4/Root/Payload/FastlaneAPP.app'
2021-06-03 04:39:01 +0000  /var/folders/67/ltwnjyq15478xy49cd7jfq1r0000gn/T/XcodeDistPipeline.~~~pS37e4/Root/Payload/FastlaneAPP.app: signed app bundle with Mach-O thin (arm64) [Swift-Beginners.FastlaneAPP]
2021-06-03 04:39:01 +0000  /usr/bin/codesign exited with 0
2021-06-03 04:39:01 +0000  Processing step: IDEDistributionZipODRItemStep
2021-06-03 04:39:01 +0000  Skipping step: IDEDistributionZipODRItemStep because it said so
2021-06-03 04:39:01 +0000  Processing step: IDEDistributionCreateIPAStep
2021-06-03 04:39:01 +0000  Running /usr/bin/ditto '-V' '-c' '-k' '--norsrc' '/var/folders/67/ltwnjyq15478xy49cd7jfq1r0000gn/T/XcodeDistPipeline.~~~pS37e4/Root' '/var/folders/67/ltwnjyq15478xy49cd7jfq1r0000gn/T/XcodeDistPipeline.~~~pS37e4/Packages/FastlaneAPP.ipa'
2021-06-03 04:39:01 +0000  >>> Copying /var/folders/67/ltwnjyq15478xy49cd7jfq1r0000gn/T/XcodeDistPipeline.~~~pS37e4/Root 
2021-06-03 04:39:01 +0000  copying file ./Payload/FastlaneAPP.app/_CodeSignature/CodeResources ... 
2021-06-03 04:39:01 +0000  2775 bytes for ./Payload/FastlaneAPP.app/_CodeSignature/CodeResources
2021-06-03 04:39:01 +0000  copying file ./Payload/FastlaneAPP.app/AppIcon60x60@2x.png ... 
2021-06-03 04:39:01 +0000  12488 bytes for ./Payload/FastlaneAPP.app/AppIcon60x60@2x.png
2021-06-03 04:39:01 +0000  copying file ./Payload/FastlaneAPP.app/Assets.car ... 
2021-06-03 04:39:01 +0000  352712 bytes for ./Payload/FastlaneAPP.app/Assets.car
2021-06-03 04:39:01 +0000  copying file ./Payload/FastlaneAPP.app/AppIcon76x76@2x~ipad.png ... 
2021-06-03 04:39:01 +0000  15882 bytes for ./Payload/FastlaneAPP.app/AppIcon76x76@2x~ipad.png
2021-06-03 04:39:01 +0000  copying file ./Payload/FastlaneAPP.app/FastlaneAPP ... 
2021-06-03 04:39:01 +0000  91248 bytes for ./Payload/FastlaneAPP.app/FastlaneAPP
2021-06-03 04:39:01 +0000  copying file ./Payload/FastlaneAPP.app/embedded.mobileprovision ... 
2021-06-03 04:39:01 +0000  7545 bytes for ./Payload/FastlaneAPP.app/embedded.mobileprovision
2021-06-03 04:39:01 +0000  copying file ./Payload/FastlaneAPP.app/Info.plist ... 
2021-06-03 04:39:01 +0000  1382 bytes for ./Payload/FastlaneAPP.app/Info.plist
copying file ./Payload/FastlaneAPP.app/PkgInfo ... 
2021-06-03 04:39:01 +0000  8 bytes for ./Payload/FastlaneAPP.app/PkgInfo
2021-06-03 04:39:01 +0000  /usr/bin/ditto exited with 0
2021-06-03 04:39:01 +0000  Processing step: IDEDistributionAppStoreInformationStep
2021-06-03 04:39:01 +0000  Skipping step: IDEDistributionAppStoreInformationStep because it said so
2021-06-03 04:39:01 +0000  Processing step: IDEDistributionGenerateProcessedDistributionItems
2021-06-03 04:39:01 +0000  IDEDistributionItem init <DVTFilePath:0x7f7e34cb4780:'/var/folders/67/ltwnjyq15478xy49cd7jfq1r0000gn/T/XcodeDistPipeline.~~~pS37e4/Root/Payload/FastlaneAPP.app'>
2021-06-03 04:39:01 +0000  Processing step: IDEDistributionCreateManifestStep
